<?xml version="1.0" encoding="UTF-8"?>
<testng-results skipped="0" failed="0" ignored="0" total="2" passed="2">
  <reporter-output>
  </reporter-output>
  <suite name="Suite" duration-ms="7133" started-at="2020-03-31T21:59:20 IST" finished-at="2020-03-31T21:59:27 IST">
    <groups>
    </groups>
    <test name="Test" duration-ms="7108" started-at="2020-03-31T21:59:20 IST" finished-at="2020-03-31T21:59:27 IST">
      <class name="com.prithvi.tech.tests.Test02">
        <test-method status="PASS" signature="setUp()[pri:0, instance:com.prithvi.tech.tests.Test02@3a52dba3]" name="setUp" is-config="true" duration-ms="6875" started-at="2020-03-31T21:59:20 IST" finished-at="2020-03-31T21:59:27 IST">
          <reporter-output>
          </reporter-output>
        </test-method> <!-- setUp -->
        <test-method status="PASS" signature="testMt2()[pri:0, instance:com.prithvi.tech.tests.Test02@3a52dba3, instance params:[org.testng.TestRunner@38afe297]]" name="testMt2" duration-ms="26" started-at="2020-03-31T21:59:27 IST" finished-at="2020-03-31T21:59:27 IST">
          <reporter-output>
          </reporter-output>
        </test-method> <!-- testMt2 -->
        <test-method status="PASS" signature="testMt1(java.lang.String)[pri:0, instance:com.prithvi.tech.tests.Test02@3a52dba3, instance params:[org.testng.TestRunner@38afe297]]" name="testMt1" duration-ms="26" started-at="2020-03-31T21:59:27 IST" data-provider="data" finished-at="2020-03-31T21:59:27 IST">
          <params>
            <param index="0">
              <value>
                <![CDATA[DataFile]]>
              </value>
            </param>
          </params>
          <reporter-output>
          </reporter-output>
        </test-method> <!-- testMt1 -->
        <test-method status="PASS" signature="tearDown()[pri:0, instance:com.prithvi.tech.tests.Test02@3a52dba3]" name="tearDown" is-config="true" duration-ms="151" started-at="2020-03-31T21:59:27 IST" finished-at="2020-03-31T21:59:27 IST">
          <reporter-output>
          </reporter-output>
        </test-method> <!-- tearDown -->
      </class> <!-- com.prithvi.tech.tests.Test02 -->
    </test> <!-- Test -->
    <test name="Test 2" duration-ms="0" started-at="2020-03-31T21:59:27 IST" finished-at="2020-03-31T21:59:27 IST">
      <class name="com.prithvi.tech.tests.Test02">
        <test-method status="PASS" signature="quit()[pri:0, instance:com.prithvi.tech.tests.Test02@3a52dba3]" name="quit" is-config="true" duration-ms="583" started-at="2020-03-31T21:59:27 IST" finished-at="2020-03-31T21:59:28 IST">
          <reporter-output>
          </reporter-output>
        </test-method> <!-- quit -->
      </class> <!-- com.prithvi.tech.tests.Test02 -->
    </test> <!-- Test 2 -->
  </suite> <!-- Suite -->
</testng-results>
